c:\users\ccrowe\documents\visual studio 2013\projects\list drawing and parents\list drawing and parents\release\vc120.pdb
c:\users\ccrowe\documents\visual studio 2013\projects\list drawing and parents\list drawing and parents\release\sqlgetter.obj
c:\users\ccrowe\documents\visual studio 2013\projects\list drawing and parents\list drawing and parents\release\readtextfile.obj
c:\users\ccrowe\documents\visual studio 2013\projects\list drawing and parents\list drawing and parents\release\main.obj
c:\users\ccrowe\documents\visual studio 2013\projects\list drawing and parents\list drawing and parents\release\jcmsdrawing.obj
c:\users\ccrowe\documents\visual studio 2013\projects\list drawing and parents\list drawing and parents\release\facility.obj
c:\users\ccrowe\documents\visual studio 2013\projects\list drawing and parents\list drawing and parents\release\constructionactivity.obj
c:\users\ccrowe\documents\visual studio 2013\projects\list drawing and parents\list drawing and parents\release\.netframework,version=v4.0.assemblyattributes.obj
c:\users\ccrowe\documents\visual studio 2013\projects\list drawing and parents\release\list drawing and parents.exe
c:\users\ccrowe\documents\visual studio 2013\projects\list drawing and parents\release\list drawing and parents.pdb
c:\users\ccrowe\documents\visual studio 2013\projects\list drawing and parents\release\excelwrapper.dll
c:\users\ccrowe\documents\visual studio 2013\projects\list drawing and parents\release\interop.microsoft.office.interop.excel.1.8.dll
c:\users\ccrowe\documents\visual studio 2013\projects\list drawing and parents\release\excelwrapper.pdb
c:\users\ccrowe\documents\visual studio 2013\projects\list drawing and parents\list drawing and parents\release\list dra.197028ce.tlog\metagen.write.1.tlog
c:\users\ccrowe\documents\visual studio 2013\projects\list drawing and parents\list drawing and parents\release\list drawing and parents.vcxproj.resolvecomreference.cache
c:\users\ccrowe\documents\visual studio 2013\projects\list drawing and parents\list drawing and parents\release\list dra.197028ce.tlog\cl.command.1.tlog
c:\users\ccrowe\documents\visual studio 2013\projects\list drawing and parents\list drawing and parents\release\list dra.197028ce.tlog\cl.read.1.tlog
c:\users\ccrowe\documents\visual studio 2013\projects\list drawing and parents\list drawing and parents\release\list dra.197028ce.tlog\cl.write.1.tlog
c:\users\ccrowe\documents\visual studio 2013\projects\list drawing and parents\list drawing and parents\release\list dra.197028ce.tlog\link.command.1.tlog
c:\users\ccrowe\documents\visual studio 2013\projects\list drawing and parents\list drawing and parents\release\list dra.197028ce.tlog\link.read.1.tlog
c:\users\ccrowe\documents\visual studio 2013\projects\list drawing and parents\list drawing and parents\release\list dra.197028ce.tlog\link.write.1.tlog
c:\users\ccrowe\documents\visual studio 2013\projects\list drawing and parents\list drawing and parents\release\list dra.197028ce.tlog\list drawing and parents.write.1u.tlog
c:\users\ccrowe\documents\visual studio 2013\projects\list drawing and parents\list drawing and parents\release\list dra.197028ce.tlog\metagen.read.1.tlog
c:\users\ccrowe\documents\visual studio 2013\projects\list drawing and parents\list drawing and parents\release\list dra.197028ce.tlog\interop.microsoft.office.interop.excel.1.8.dll.metagen
c:\users\ccrowe\documents\visual studio 2013\projects\list drawing and parents\list drawing and parents\release\list dra.197028ce.tlog\tzres.dll.bi
