Build started 2/22/2017 1:49:06 PM.
     1>Project "C:\Users\CCrowe\Documents\Visual Studio 2013\Projects\List Drawing and Parents\List Drawing and Parents\List Drawing and Parents.vcxproj" on node 2 (Rebuild target(s)).
     1>ClCompile:
         C:\Program Files (x86)\Microsoft Visual Studio 12.0\VC\bin\CL.exe /c /AI"C:\Program Files (x86)\Reference Assemblies\Microsoft\Framework\.NETFramework\v4.0" /AI"C:\Program Files (x86)\Windows Kits\8.1\References\CommonConfiguration\Neutral" /Zi /clr /nologo /W3 /WX- /O2 /Oy- /D WIN32 /D NDEBUG /D _UNICODE /D UNICODE /EHa /MD /GS /fp:precise /Zc:wchar_t /Zc:forScope /Fo"Release\\" /Fd"Release\vc120.pdb" /TP /FU"C:\Users\CCrowe\Documents\Visual Studio 2013\Projects\ExcelWrapper\Debug\ExcelWrapper.dll" /FU"C:\Program Files (x86)\Reference Assemblies\Microsoft\Framework\.NETFramework\v4.0\mscorlib.dll" /FU"C:\Program Files (x86)\Reference Assemblies\Microsoft\Framework\.NETFramework\v4.0\System.Data.dll" /FU"C:\Program Files (x86)\Reference Assemblies\Microsoft\Framework\.NETFramework\v4.0\System.Data.Services.dll" /FU"C:\Program Files (x86)\Reference Assemblies\Microsoft\Framework\.NETFramework\v4.0\System.dll" /FUInterop\Interop.Microsoft.Office.Interop.Excel.1.8.dll /analyze- /errorReport:prompt /clr:nostdlib ConstructionActivity.cpp Facility.cpp JcmsDrawing.cpp main.cpp ReadTextFile.cpp SqlGetter.cpp
         ConstructionActivity.cpp
         Facility.cpp
         JcmsDrawing.cpp
         main.cpp
         ReadTextFile.cpp
         SqlGetter.cpp
         Generating Code...
         C:\Program Files (x86)\Microsoft Visual Studio 12.0\VC\bin\CL.exe /c /Zi /clr /nologo /W3 /WX- /O2 /Oy- /D WIN32 /D NDEBUG /D _UNICODE /D UNICODE /EHa /MD /GS /fp:precise /Zc:wchar_t /Zc:forScope /Fo"Release\\" /Fd"Release\vc120.pdb" /TP /analyze- /errorReport:prompt "C:\Users\CCrowe\AppData\Local\Temp\.NETFramework,Version=v4.0.AssemblyAttributes.cpp"
         .NETFramework,Version=v4.0.AssemblyAttributes.cpp
       Link:
         C:\Program Files (x86)\Microsoft Visual Studio 12.0\VC\bin\link.exe /ERRORREPORT:PROMPT /OUT:"C:\Users\CCrowe\Documents\Visual Studio 2013\Projects\List Drawing and Parents\Release\List Drawing and Parents.exe" /INCREMENTAL:NO /NOLOGO /MANIFEST /MANIFESTUAC:"level='asInvoker' uiAccess='false'" /manifest:embed /DEBUG /PDB:"C:\Users\CCrowe\Documents\Visual Studio 2013\Projects\List Drawing and Parents\Release\List Drawing and Parents.pdb" /TLBID:1 /DYNAMICBASE /FIXED:NO /NXCOMPAT /MACHINE:X86 /SAFESEH Release\ConstructionActivity.obj
         Release\Facility.obj
         Release\JcmsDrawing.obj
         Release\main.obj
         Release\ReadTextFile.obj
         Release\SqlGetter.obj
         "Release\.NETFramework,Version=v4.0.AssemblyAttributes.obj"
         List Drawing and Parents.vcxproj -> C:\Users\CCrowe\Documents\Visual Studio 2013\Projects\List Drawing and Parents\Release\List Drawing and Parents.exe
     1>Done Building Project "C:\Users\CCrowe\Documents\Visual Studio 2013\Projects\List Drawing and Parents\List Drawing and Parents\List Drawing and Parents.vcxproj" (Rebuild target(s)).

Build succeeded.

Time Elapsed 00:00:07.50
